<?xml version="1.0" encoding="utf-8" ?>
<!DOCTYPE html PUBLIC "-//W3C//DTD XHTML 1.0 Strict//EN"
        "http://www.w3.org/TR/xhtml1/DTD/xhtml1-strict.dtd">
<html xmlns="http://www.w3.org/1999/xhtml" xml:lang="" lang="">
<head>
  <title>Test Results Report - Login Test</title>
  <meta http-equiv="Content-Type" content="text/html;charset=utf-8" />
  <meta name="description" content="TestNG unit test results." />
  <link href="reportng.css" rel="stylesheet" type="text/css" />
    <script type="text/javascript" src="reportng.js"></script>
</head>
<body>
<h1>Login Test</h1>
<p>
  Test duration: 128.180s
</p>



  <table class="resultsTable">
    <tr><th colspan="3" class="header failed">Failed Tests</th></tr>
          <tr>
        <td colspan="3" class="group">com.orangehrmlive.demo.testsuite.UsersTest</td>
      </tr>
            
<tr>
  <td class="method">
                  searchTheUserAndVerifyTheMessageRecordFound
      </td>
  <td class="duration">
    66.797s
  </td>
  <td class="result">
        
          <i>Method arguments: </i><span class="arguments">"Aman Gupta", "Admin", "Test Tester", "Enabled"</span><br />
    
            <div class="testOutput">
                        enter Admin<br />
                                enter admin123<br />
                                click on [[ChromeDriver: chrome on windows (4a773f6a4a1604a4a6f1f45518af1449)] -&gt; xpath: //button[@type=&apos;submit&apos;]]<br />
                                click on [[ChromeDriver: chrome on windows (4a773f6a4a1604a4a6f1f45518af1449)] -&gt; xpath: //li[1]//a[1]//span[1]]<br />
                                get [[ChromeDriver: chrome on windows (4a773f6a4a1604a4a6f1f45518af1449)] -&gt; xpath: //h5[normalize-space()=&apos;System Users&apos;]]<br />
                                enter Aman Gupta<br />
                                click [[ChromeDriver: chrome on windows (4a773f6a4a1604a4a6f1f45518af1449)] -&gt; xpath: //div[@class = &apos;oxd-select-wrapper&apos;][1]]<br />
                                click Admin<br />
                                select [[ChromeDriver: chrome on windows (4a773f6a4a1604a4a6f1f45518af1449)] -&gt; xpath: (//div[@class = &apos;oxd-select-wrapper&apos;])[2]]<br />
                                click Enabled<br />
                                click [[ChromeDriver: chrome on windows (4a773f6a4a1604a4a6f1f45518af1449)] -&gt; xpath: //button[normalize-space()=&apos;Search&apos;]]<br />
                                get Proxy element for: DefaultElementLocator &apos;By.xpath: //span[normalize-space()=&apos;(1) Record Found&apos;]&apos;<br />
                  </div>
    

        <a href="javascript:toggleElement('exception-0', 'block')" title="Click to expand/collapse"><b>org.openqa.selenium.NoSuchElementException: no such element: Unable to locate element: {&quot;method&quot;:&quot;xpath&quot;,&quot;selector&quot;:&quot;//span[normalize-space()=&apos;(1) Record Found&apos;]&quot;}<br/>
&nbsp; (Session info: chrome=126.0.6478.61)<br/>
For documentation on this error, please visit: https://www.selenium.dev/documentation/webdriver/troubleshooting/errors#no-such-element-exception<br/>
Build info: version: &apos;4.21.0&apos;, revision: &apos;79ed462ef4&apos;<br/>
System info: os.name: &apos;Windows 10&apos;, os.arch: &apos;amd64&apos;, os.version: &apos;10.0&apos;, java.version: &apos;17.0.8&apos;<br/>
Driver info: org.openqa.selenium.chrome.ChromeDriver<br/>
Command: [4a773f6a4a1604a4a6f1f45518af1449, findElement {using=xpath, value=//span[normalize-space()=&apos;(1) Record Found&apos;]}]<br/>
Capabilities {acceptInsecureCerts: false, browserName: chrome, browserVersion: 126.0.6478.61, chrome: {chromedriverVersion: 126.0.6478.61 (8dc092df54ce..., userDataDir: C:\Users\beena\AppData\Loca...}, fedcm:accounts: true, goog:chromeOptions: {debuggerAddress: localhost:59003}, networkConnectionEnabled: false, pageLoadStrategy: normal, platformName: windows, proxy: Proxy(), se:cdp: ws://localhost:59003/devtoo..., se:cdpVersion: 126.0.6478.61, setWindowRect: true, strictFileInteractability: false, timeouts: {implicit: 0, pageLoad: 300000, script: 30000}, unhandledPromptBehavior: dismiss and notify, webauthn:extension:credBlob: true, webauthn:extension:largeBlob: true, webauthn:extension:minPinLength: true, webauthn:extension:prf: true, webauthn:virtualAuthenticators: true}<br/>
Session ID: 4a773f6a4a1604a4a6f1f45518af1449</b></a><br />
    <div class="stackTrace" id="exception-0">
              java.base/jdk.internal.reflect.NativeConstructorAccessorImpl.newInstance0(Native Method)<br />
              java.base/jdk.internal.reflect.NativeConstructorAccessorImpl.newInstance(NativeConstructorAccessorImpl.java:77)<br />
              java.base/jdk.internal.reflect.DelegatingConstructorAccessorImpl.newInstance(DelegatingConstructorAccessorImpl.java:45)<br />
              java.base/java.lang.reflect.Constructor.newInstanceWithCaller(Constructor.java:499)<br />
              java.base/java.lang.reflect.Constructor.newInstance(Constructor.java:480)<br />
              org.openqa.selenium.remote.ErrorCodec.decode(ErrorCodec.java:167)<br />
              org.openqa.selenium.remote.codec.w3c.W3CHttpResponseCodec.decode(W3CHttpResponseCodec.java:138)<br />
              org.openqa.selenium.remote.codec.w3c.W3CHttpResponseCodec.decode(W3CHttpResponseCodec.java:50)<br />
              org.openqa.selenium.remote.HttpCommandExecutor.execute(HttpCommandExecutor.java:190)<br />
              org.openqa.selenium.remote.service.DriverCommandExecutor.invokeExecute(DriverCommandExecutor.java:216)<br />
              org.openqa.selenium.remote.service.DriverCommandExecutor.execute(DriverCommandExecutor.java:174)<br />
              org.openqa.selenium.remote.RemoteWebDriver.execute(RemoteWebDriver.java:518)<br />
              org.openqa.selenium.remote.ElementLocation$ElementFinder$2.findElement(ElementLocation.java:165)<br />
              org.openqa.selenium.remote.ElementLocation.findElement(ElementLocation.java:59)<br />
              org.openqa.selenium.remote.RemoteWebDriver.findElement(RemoteWebDriver.java:355)<br />
              org.openqa.selenium.remote.RemoteWebDriver.findElement(RemoteWebDriver.java:349)<br />
              org.openqa.selenium.support.pagefactory.DefaultElementLocator.findElement(DefaultElementLocator.java:68)<br />
              org.openqa.selenium.support.pagefactory.internal.LocatingElementHandler.invoke(LocatingElementHandler.java:38)<br />
              jdk.proxy2/jdk.proxy2.$Proxy14.getText(Unknown Source)<br />
              com.orangehrmlive.demo.utility.Utility.getTextFromElement(Utility.java:65)<br />
              com.orangehrmlive.demo.pages.ViewSystemUsersPage.getRecordFoundText(ViewSystemUsersPage.java:168)<br />
              com.orangehrmlive.demo.testsuite.UsersTest.searchTheUserAndVerifyTheMessageRecordFound(UsersTest.java:136)<br />
              java.base/jdk.internal.reflect.NativeMethodAccessorImpl.invoke0(Native Method)<br />
              java.base/jdk.internal.reflect.NativeMethodAccessorImpl.invoke(NativeMethodAccessorImpl.java:77)<br />
              java.base/jdk.internal.reflect.DelegatingMethodAccessorImpl.invoke(DelegatingMethodAccessorImpl.java:43)<br />
              java.base/java.lang.reflect.Method.invoke(Method.java:568)<br />
              org.testng.internal.invokers.MethodInvocationHelper.invokeMethod(MethodInvocationHelper.java:141)<br />
              org.testng.internal.invokers.TestInvoker.invokeMethod(TestInvoker.java:686)<br />
              org.testng.internal.invokers.TestInvoker.invokeTestMethod(TestInvoker.java:230)<br />
              org.testng.internal.invokers.MethodRunner.runInSequence(MethodRunner.java:63)<br />
              org.testng.internal.invokers.TestInvoker$MethodInvocationAgent.invoke(TestInvoker.java:992)<br />
              org.testng.internal.invokers.TestInvoker.invokeTestMethods(TestInvoker.java:203)<br />
              org.testng.internal.invokers.TestMethodWorker.invokeTestMethods(TestMethodWorker.java:154)<br />
              org.testng.internal.invokers.TestMethodWorker.run(TestMethodWorker.java:134)<br />
              java.base/java.util.ArrayList.forEach(ArrayList.java:1511)<br />
              org.testng.TestRunner.privateRun(TestRunner.java:739)<br />
              org.testng.TestRunner.run(TestRunner.java:614)<br />
              org.testng.SuiteRunner.runTest(SuiteRunner.java:421)<br />
              org.testng.SuiteRunner.runSequentially(SuiteRunner.java:413)<br />
              org.testng.SuiteRunner.privateRun(SuiteRunner.java:373)<br />
              org.testng.SuiteRunner.run(SuiteRunner.java:312)<br />
              org.testng.SuiteRunnerWorker.runSuite(SuiteRunnerWorker.java:52)<br />
              org.testng.SuiteRunnerWorker.run(SuiteRunnerWorker.java:95)<br />
              org.testng.TestNG.runSuitesSequentially(TestNG.java:1274)<br />
              org.testng.TestNG.runSuitesLocally(TestNG.java:1208)<br />
              org.testng.TestNG.runSuites(TestNG.java:1112)<br />
              org.testng.TestNG.run(TestNG.java:1079)<br />
              com.intellij.rt.testng.IDEARemoteTestNG.run(IDEARemoteTestNG.java:65)<br />
              com.intellij.rt.testng.RemoteTestNGStarter.main(RemoteTestNGStarter.java:105)<br />
                </div>
      </td>
</tr>
<tr>
  <td class="method">
                  verifyThatAdminShouldDeleteTheUserSuccessFully
      </td>
  <td class="duration">
    23.548s
  </td>
  <td class="result">
        
    
            <div class="testOutput">
                        enter Admin<br />
                                enter admin123<br />
                                click on [[ChromeDriver: chrome on windows (fb837e19fa849784e47165e7e1d6cd3a)] -&gt; xpath: //button[@type=&apos;submit&apos;]]<br />
                                click on [[ChromeDriver: chrome on windows (fb837e19fa849784e47165e7e1d6cd3a)] -&gt; xpath: //li[1]//a[1]//span[1]]<br />
                                get [[ChromeDriver: chrome on windows (fb837e19fa849784e47165e7e1d6cd3a)] -&gt; xpath: //h5[normalize-space()=&apos;System Users&apos;]]<br />
                                enter ramanji<br />
                                click [[ChromeDriver: chrome on windows (fb837e19fa849784e47165e7e1d6cd3a)] -&gt; xpath: //div[@class = &apos;oxd-select-wrapper&apos;][1]]<br />
                                click Admin<br />
                                select [[ChromeDriver: chrome on windows (fb837e19fa849784e47165e7e1d6cd3a)] -&gt; xpath: (//div[@class = &apos;oxd-select-wrapper&apos;])[2]]<br />
                                click Enabled<br />
                                click [[ChromeDriver: chrome on windows (fb837e19fa849784e47165e7e1d6cd3a)] -&gt; xpath: //button[normalize-space()=&apos;Search&apos;]]<br />
                  </div>
    

        <a href="javascript:toggleElement('exception-1', 'block')" title="Click to expand/collapse"><b>org.openqa.selenium.NoSuchElementException: no such element: Unable to locate element: {&quot;method&quot;:&quot;xpath&quot;,&quot;selector&quot;:&quot;//div[@role=&apos;table&apos;]//div[1]//div[1]//div[1]//div[1]//div[1]//label[1]//span[1]//i[1]&quot;}<br/>
&nbsp; (Session info: chrome=126.0.6478.61)<br/>
For documentation on this error, please visit: https://www.selenium.dev/documentation/webdriver/troubleshooting/errors#no-such-element-exception<br/>
Build info: version: &apos;4.21.0&apos;, revision: &apos;79ed462ef4&apos;<br/>
System info: os.name: &apos;Windows 10&apos;, os.arch: &apos;amd64&apos;, os.version: &apos;10.0&apos;, java.version: &apos;17.0.8&apos;<br/>
Driver info: org.openqa.selenium.chrome.ChromeDriver<br/>
Command: [fb837e19fa849784e47165e7e1d6cd3a, findElement {using=xpath, value=//div[@role=&apos;table&apos;]//div[1]//div[1]//div[1]//div[1]//div[1]//label[1]//span[1]//i[1]}]<br/>
Capabilities {acceptInsecureCerts: false, browserName: chrome, browserVersion: 126.0.6478.61, chrome: {chromedriverVersion: 126.0.6478.61 (8dc092df54ce..., userDataDir: C:\Users\beena\AppData\Loca...}, fedcm:accounts: true, goog:chromeOptions: {debuggerAddress: localhost:59120}, networkConnectionEnabled: false, pageLoadStrategy: normal, platformName: windows, proxy: Proxy(), se:cdp: ws://localhost:59120/devtoo..., se:cdpVersion: 126.0.6478.61, setWindowRect: true, strictFileInteractability: false, timeouts: {implicit: 0, pageLoad: 300000, script: 30000}, unhandledPromptBehavior: dismiss and notify, webauthn:extension:credBlob: true, webauthn:extension:largeBlob: true, webauthn:extension:minPinLength: true, webauthn:extension:prf: true, webauthn:virtualAuthenticators: true}<br/>
Session ID: fb837e19fa849784e47165e7e1d6cd3a</b></a><br />
    <div class="stackTrace" id="exception-1">
              java.base/jdk.internal.reflect.NativeConstructorAccessorImpl.newInstance0(Native Method)<br />
              java.base/jdk.internal.reflect.NativeConstructorAccessorImpl.newInstance(NativeConstructorAccessorImpl.java:77)<br />
              java.base/jdk.internal.reflect.DelegatingConstructorAccessorImpl.newInstance(DelegatingConstructorAccessorImpl.java:45)<br />
              java.base/java.lang.reflect.Constructor.newInstanceWithCaller(Constructor.java:499)<br />
              java.base/java.lang.reflect.Constructor.newInstance(Constructor.java:480)<br />
              org.openqa.selenium.remote.ErrorCodec.decode(ErrorCodec.java:167)<br />
              org.openqa.selenium.remote.codec.w3c.W3CHttpResponseCodec.decode(W3CHttpResponseCodec.java:138)<br />
              org.openqa.selenium.remote.codec.w3c.W3CHttpResponseCodec.decode(W3CHttpResponseCodec.java:50)<br />
              org.openqa.selenium.remote.HttpCommandExecutor.execute(HttpCommandExecutor.java:190)<br />
              org.openqa.selenium.remote.service.DriverCommandExecutor.invokeExecute(DriverCommandExecutor.java:216)<br />
              org.openqa.selenium.remote.service.DriverCommandExecutor.execute(DriverCommandExecutor.java:174)<br />
              org.openqa.selenium.remote.RemoteWebDriver.execute(RemoteWebDriver.java:518)<br />
              org.openqa.selenium.remote.ElementLocation$ElementFinder$2.findElement(ElementLocation.java:165)<br />
              org.openqa.selenium.remote.ElementLocation.findElement(ElementLocation.java:59)<br />
              org.openqa.selenium.remote.RemoteWebDriver.findElement(RemoteWebDriver.java:355)<br />
              org.openqa.selenium.remote.RemoteWebDriver.findElement(RemoteWebDriver.java:349)<br />
              org.openqa.selenium.support.pagefactory.DefaultElementLocator.findElement(DefaultElementLocator.java:68)<br />
              org.openqa.selenium.support.pagefactory.internal.LocatingElementHandler.invoke(LocatingElementHandler.java:38)<br />
              jdk.proxy2/jdk.proxy2.$Proxy14.click(Unknown Source)<br />
              com.orangehrmlive.demo.utility.Utility.clickOnElement(Utility.java:54)<br />
              com.orangehrmlive.demo.pages.ViewSystemUsersPage.clickOnSelectUserCheckbox(ViewSystemUsersPage.java:142)<br />
              com.orangehrmlive.demo.testsuite.UsersTest.verifyThatAdminShouldDeleteTheUserSuccessFully(UsersTest.java:109)<br />
              java.base/jdk.internal.reflect.NativeMethodAccessorImpl.invoke0(Native Method)<br />
              java.base/jdk.internal.reflect.NativeMethodAccessorImpl.invoke(NativeMethodAccessorImpl.java:77)<br />
              java.base/jdk.internal.reflect.DelegatingMethodAccessorImpl.invoke(DelegatingMethodAccessorImpl.java:43)<br />
              java.base/java.lang.reflect.Method.invoke(Method.java:568)<br />
              org.testng.internal.invokers.MethodInvocationHelper.invokeMethod(MethodInvocationHelper.java:141)<br />
              org.testng.internal.invokers.TestInvoker.invokeMethod(TestInvoker.java:686)<br />
              org.testng.internal.invokers.TestInvoker.invokeTestMethod(TestInvoker.java:230)<br />
              org.testng.internal.invokers.MethodRunner.runInSequence(MethodRunner.java:63)<br />
              org.testng.internal.invokers.TestInvoker$MethodInvocationAgent.invoke(TestInvoker.java:992)<br />
              org.testng.internal.invokers.TestInvoker.invokeTestMethods(TestInvoker.java:203)<br />
              org.testng.internal.invokers.TestMethodWorker.invokeTestMethods(TestMethodWorker.java:154)<br />
              org.testng.internal.invokers.TestMethodWorker.run(TestMethodWorker.java:134)<br />
              java.base/java.util.ArrayList.forEach(ArrayList.java:1511)<br />
              org.testng.TestRunner.privateRun(TestRunner.java:739)<br />
              org.testng.TestRunner.run(TestRunner.java:614)<br />
              org.testng.SuiteRunner.runTest(SuiteRunner.java:421)<br />
              org.testng.SuiteRunner.runSequentially(SuiteRunner.java:413)<br />
              org.testng.SuiteRunner.privateRun(SuiteRunner.java:373)<br />
              org.testng.SuiteRunner.run(SuiteRunner.java:312)<br />
              org.testng.SuiteRunnerWorker.runSuite(SuiteRunnerWorker.java:52)<br />
              org.testng.SuiteRunnerWorker.run(SuiteRunnerWorker.java:95)<br />
              org.testng.TestNG.runSuitesSequentially(TestNG.java:1274)<br />
              org.testng.TestNG.runSuitesLocally(TestNG.java:1208)<br />
              org.testng.TestNG.runSuites(TestNG.java:1112)<br />
              org.testng.TestNG.run(TestNG.java:1079)<br />
              com.intellij.rt.testng.IDEARemoteTestNG.run(IDEARemoteTestNG.java:65)<br />
              com.intellij.rt.testng.RemoteTestNGStarter.main(RemoteTestNGStarter.java:105)<br />
                </div>
      </td>
</tr>
      </table>


  <table class="resultsTable">
    <tr><th colspan="3" class="header passed">Passed Tests</th></tr>
          <tr>
        <td colspan="3" class="group">com.orangehrmlive.demo.testsuite.LoginTest</td>
      </tr>
            
<tr>
  <td class="method">
                  verifyErrorMessageWithInvalidCredentials
      </td>
  <td class="duration">
    1.570s
  </td>
  <td class="result">
        
          <i>Method arguments: </i><span class="arguments">"test123@gmail.com", "test123 ", "Invalid credentials"</span><br />
    
            <div class="testOutput">
                        enter test123@gmail.com<br />
                                enter test123 <br />
                                click on [[ChromeDriver: chrome on windows (cebd0b24fd07417ea39e4098a578a34e)] -&gt; xpath: //button[@type=&apos;submit&apos;]]<br />
                                get [[ChromeDriver: chrome on windows (cebd0b24fd07417ea39e4098a578a34e)] -&gt; xpath: //p[@class=&apos;oxd-text oxd-text--p oxd-alert-content-text&apos;]]<br />
                  </div>
    

      </td>
</tr>
<tr>
  <td class="method">
                  verifyThatTheLogoDisplayOnHomePage
      </td>
  <td class="duration">
    1.772s
  </td>
  <td class="result">
        
    
            <div class="testOutput">
                        enter Admin<br />
                                enter admin123<br />
                                click on [[ChromeDriver: chrome on windows (9af88adf508517f873f9d72c4f21f592)] -&gt; xpath: //button[@type=&apos;submit&apos;]]<br />
                  </div>
    

      </td>
</tr>
<tr>
  <td class="method">
                  verifyUserShouldLogOutSuccessFully
      </td>
  <td class="duration">
    2.502s
  </td>
  <td class="result">
        
    
            <div class="testOutput">
                        enter Admin<br />
                                enter admin123<br />
                                click on [[ChromeDriver: chrome on windows (e17fbbd9d8d80d6262aab89d09557bcc)] -&gt; xpath: //button[@type=&apos;submit&apos;]]<br />
                                click on [[ChromeDriver: chrome on windows (e17fbbd9d8d80d6262aab89d09557bcc)] -&gt; xpath: //span[@class=&apos;oxd-userdropdown-tab&apos;]]<br />
                                click on [[ChromeDriver: chrome on windows (e17fbbd9d8d80d6262aab89d09557bcc)] -&gt; xpath: //a[normalize-space()=&apos;Logout&apos;]]<br />
                  </div>
    

      </td>
</tr>
<tr>
  <td class="method">
                  verifyUserShouldLoginSuccessFully
      </td>
  <td class="duration">
    1.377s
  </td>
  <td class="result">
        
    
            <div class="testOutput">
                        enter Admin<br />
                                enter admin123<br />
                                click on [[ChromeDriver: chrome on windows (f0d277c917d7174a763726ffc3e59856)] -&gt; xpath: //button[@type=&apos;submit&apos;]]<br />
                  </div>
    

      </td>
</tr>
          <tr>
        <td colspan="3" class="group">com.orangehrmlive.demo.testsuite.UsersTest</td>
      </tr>
            
<tr>
  <td class="method">
                  adminShouldAddUserSuccessFully
      </td>
  <td class="duration">
    5.457s
  </td>
  <td class="result">
        
    
            <div class="testOutput">
                        enter Admin<br />
                                enter admin123<br />
                                click on [[ChromeDriver: chrome on windows (fa8d0eec4edd5e283fba93419bea6a3e)] -&gt; xpath: //button[@type=&apos;submit&apos;]]<br />
                                click on [[ChromeDriver: chrome on windows (fa8d0eec4edd5e283fba93419bea6a3e)] -&gt; xpath: //li[1]//a[1]//span[1]]<br />
                                get [[ChromeDriver: chrome on windows (fa8d0eec4edd5e283fba93419bea6a3e)] -&gt; xpath: //h5[normalize-space()=&apos;System Users&apos;]]<br />
                                click [[ChromeDriver: chrome on windows (fa8d0eec4edd5e283fba93419bea6a3e)] -&gt; xpath: //button[normalize-space()=&apos;Add&apos;]]<br />
                                get [[ChromeDriver: chrome on windows (fa8d0eec4edd5e283fba93419bea6a3e)] -&gt; xpath: //h6[normalize-space()=&apos;Add User&apos;]]<br />
                                click [[ChromeDriver: chrome on windows (fa8d0eec4edd5e283fba93419bea6a3e)] -&gt; xpath: //div[@class = &apos;oxd-select-wrapper&apos;][1]]<br />
                                click [[ChromeDriver: chrome on windows (fa8d0eec4edd5e283fba93419bea6a3e)] -&gt; xpath: //span[contains(text(),&apos;Admin&apos;)]]<br />
                                enter [[ChromeDriver: chrome on windows (fa8d0eec4edd5e283fba93419bea6a3e)] -&gt; xpath: //div[@class=&apos;oxd-form-row&apos;]//div[@class=&apos;oxd-grid-2 orangehrm-full-width-grid&apos;]//div[@class=&apos;oxd-grid-item oxd-grid-item--gutters&apos;]//div[@class=&apos;oxd-input-group oxd-input-field-bottom-space&apos;]//div//input[@class=&apos;oxd-input oxd-input--active&apos;]]<br />
                                select [[ChromeDriver: chrome on windows (fa8d0eec4edd5e283fba93419bea6a3e)] -&gt; xpath: (//div[@class = &apos;oxd-select-wrapper&apos;])[2]]<br />
                                click [[ChromeDriver: chrome on windows (fa8d0eec4edd5e283fba93419bea6a3e)] -&gt; xpath: //span[contains(text(),&apos;Disabled&apos;)]]<br />
                                select [[ChromeDriver: chrome on windows (fa8d0eec4edd5e283fba93419bea6a3e)] -&gt; xpath: //div[@class=&apos;oxd-grid-item oxd-grid-item--gutters user-password-cell&apos;]//div[@class=&apos;oxd-input-group oxd-input-field-bottom-space&apos;]//div//input[@type=&apos;password&apos;]]<br />
                                select [[ChromeDriver: chrome on windows (fa8d0eec4edd5e283fba93419bea6a3e)] -&gt; xpath: //div[@class=&apos;oxd-grid-item oxd-grid-item--gutters&apos;]//div[@class=&apos;oxd-input-group oxd-input-field-bottom-space&apos;]//div//input[@type=&apos;password&apos;]]<br />
                                select [[ChromeDriver: chrome on windows (fa8d0eec4edd5e283fba93419bea6a3e)] -&gt; xpath: //button[normalize-space()=&apos;Save&apos;]]<br />
                  </div>
    

      </td>
</tr>
<tr>
  <td class="method">
                  searchTheUserCreatedAndVerifyIt
      </td>
  <td class="duration">
    3.409s
  </td>
  <td class="result">
        
    
            <div class="testOutput">
                        enter Admin<br />
                                enter admin123<br />
                                click on [[ChromeDriver: chrome on windows (fb2a54c50b06b153970dc1a8ac8da282)] -&gt; xpath: //button[@type=&apos;submit&apos;]]<br />
                                click on [[ChromeDriver: chrome on windows (fb2a54c50b06b153970dc1a8ac8da282)] -&gt; xpath: //li[1]//a[1]//span[1]]<br />
                                get [[ChromeDriver: chrome on windows (fb2a54c50b06b153970dc1a8ac8da282)] -&gt; xpath: //h5[normalize-space()=&apos;System Users&apos;]]<br />
                                enter Admin<br />
                                click [[ChromeDriver: chrome on windows (fb2a54c50b06b153970dc1a8ac8da282)] -&gt; xpath: //div[@class = &apos;oxd-select-wrapper&apos;][1]]<br />
                                click Admin<br />
                                select [[ChromeDriver: chrome on windows (fb2a54c50b06b153970dc1a8ac8da282)] -&gt; xpath: (//div[@class = &apos;oxd-select-wrapper&apos;])[2]]<br />
                                click Enabled<br />
                                click [[ChromeDriver: chrome on windows (fb2a54c50b06b153970dc1a8ac8da282)] -&gt; xpath: //button[normalize-space()=&apos;Search&apos;]]<br />
                  </div>
    

      </td>
</tr>
      </table>
  
</body>
</html>
